operate-2022-10-23 09:23:25,986-[申请]:申鹤
operate-2022-10-23 09:25:06,243-[通过]:admin
operate-2022-10-23 09:32:44,783-[撤销]:绫华
operate-2022-10-23 09:37:19,354-[下载]:绫华
operate-2022-10-23 09:46:57,807-[撤销]:绫华
operate-2022-10-31 23:29:51,901-[申请]:刻晴
operate-2022-10-31 23:29:58,065-[下载加密器]:刻晴
operate-2022-11-01 19:51:24,300-[申请]:魈
operate-2022-11-01 19:52:25,012-[申请]:魈
operate-2022-11-01 19:54:16,460-[通过]:admin
operate-2022-11-01 20:09:55,402-[查询]:刻晴
operate-2022-11-01 20:13:24,655-[查询]:刻晴
operate-2022-11-01 20:18:17,319-[撤销]:刻晴
operate-2022-11-01 20:38:57,021-[申请]:烟绯
operate-2022-11-01 20:39:02,249-[申请]:烟绯
operate-2022-11-01 20:40:22,497-[申请]:胡桃
operate-2022-11-01 20:41:23,418-[申请]:北斗
operate-2022-11-01 20:42:15,572-[申请]:绫人
operate-2022-11-01 20:45:28,371-[通过]:admin
operate-2022-11-01 20:45:35,414-[通过]:admin
operate-2022-11-01 20:46:07,141-[通过]:admin
operate-2022-11-01 20:46:10,487-[通过]:admin
operate-2022-11-01 20:48:02,281-[下载]:刻晴
operate-2022-11-01 20:49:15,243-[下载]:刻晴
operate-2022-11-01 20:52:05,481-[下载]:刻晴
operate-2022-11-01 21:11:33,967-[申请]:鹿野苑
operate-2022-11-01 22:15:16,282-[通过]:admin
operate-2022-11-01 22:19:35,408-[申请]:九条
operate-2022-11-01 22:20:12,527-[拒绝]:admin
operate-2022-11-01 22:31:43,465-[撤销]:admin    265c6318111068da58f0e5ab34198354579de88009ef6071954b96d7fe5b5cf6
operate-2022-11-01 23:07:05,817-[申请]:托马
operate-2022-11-01 23:07:33,013-[申请]:心海
operate-2022-11-01 23:54:58,007-[申请]:重云
operate-2022-11-02 00:02:31,561-[拒绝]:admin
operate-2022-11-02 00:02:34,828-[通过]:admin
operate-2022-11-02 00:08:33,417-[通过]:admin
operate-2022-11-02 00:09:11,249-[申请]:行秋
operate-2022-11-02 00:09:20,530-[通过]:admin
operate-2022-11-02 00:18:06,472-[下载]:夜兰
operate-2022-11-02 00:22:47,440-[下载]:夜兰
operate-2022-11-02 00:24:37,244-[下载]:夜兰
operate-2022-11-02 00:24:51,369-[下载]:夜兰
operate-2022-11-02 00:25:52,145-[下载]:夜兰
operate-2022-11-02 00:31:32,884-[撤销]:夜兰
operate-2022-11-02 00:38:26,220-[查询]:夜兰
operate-2022-11-29 21:11:48,788-[申请]:刻晴
operate-2022-11-29 21:14:01,071-[申请]:纳西妲
operate-2022-11-29 21:14:11,241-[通过]:admin
operate-2022-11-29 21:14:29,304-[下载]:刻晴
operate-2022-11-29 21:14:32,851-[信封传输]:刻晴
operate-2022-11-29 21:14:54,583-[信封传输]:刻晴
operate-2022-11-29 21:15:59,454-[信封传输]:刻晴
operate-2022-11-29 21:16:47,971-[信封传输]:刻晴
operate-2022-11-29 21:31:24,591-[下载]:刻晴
operate-2022-11-29 21:31:47,001-[信封传输]:刻晴
operate-2022-12-01 22:13:24,176-[申请]:昊
operate-2022-12-06 20:36:25,405-[下载]:刻晴
operate-2022-12-06 20:40:00,912-[信封传输]:刻晴
operate-2022-12-06 20:44:46,625-[下载]:刻晴
operate-2022-12-06 20:44:50,691-[信封传输]:刻晴
operate-2022-12-06 20:47:40,750-[信封传输]:刻晴
operate-2022-12-06 20:49:52,963-[信封传输]:刻晴
operate-2022-12-06 20:58:09,691-[信封传输]:刻晴
operate-2022-12-06 21:01:46,401-[信封传输]:刻晴
operate-2022-12-06 21:07:12,606-[信封传输]:刻晴
operate-2022-12-06 21:08:01,782-[下载]:刻晴
operate-2022-12-06 21:08:10,281-[下载]:刻晴
operate-2022-12-06 21:08:30,322-[下载]:刻晴
operate-2022-12-06 21:11:48,780-[信封传输]:刻晴
operate-2022-12-06 21:13:46,936-[信封传输]:刻晴
operate-2022-12-06 21:16:17,138-[下载]:刻晴
operate-2022-12-06 21:16:20,842-[信封传输]:刻晴
operate-2022-12-06 21:21:32,956-[拒绝]:admin
operate-2022-12-07 10:01:28,321-[下载]:刻晴
operate-2022-12-07 10:02:02,595-[下载]:刻晴
operate-2022-12-07 10:05:20,254-[下载]:刻晴
operate-2022-12-07 10:07:50,163-[下载]:刻晴
operate-2022-12-07 10:08:06,404-[下载]:刻晴
operate-2022-12-07 10:08:22,091-[下载]:刻晴
operate-2022-12-07 10:11:56,138-[下载]:刻晴
operate-2022-12-07 10:12:11,002-[下载]:刻晴
operate-2022-12-07 10:18:05,693-[下载]:刻晴
operate-2022-12-07 10:19:31,629-[下载]:刻晴
operate-2022-12-07 10:23:36,693-[下载]:刻晴
operate-2022-12-07 10:24:12,413-[下载]:刻晴
operate-2022-12-07 10:24:45,320-[下载]:刻晴
operate-2022-12-07 10:32:38,550-[下载]:刻晴
operate-2022-12-07 19:44:06,459-[查询]:刻晴
operate-2022-12-07 19:50:25,327-[撤销]:刻晴
operate-2022-12-07 19:53:04,397-[撤销]:admin    b149ace78f901eda794d88f54ebad12d401005a134b546f0fe7ea4c9ef69a4fa
operate-2022-12-07 20:12:22,805-[申请]:甘雨
operate-2022-12-07 20:13:37,306-[通过]:admin
operate-2022-12-07 20:15:44,240-[申请]:妮露
operate-2022-12-07 20:15:53,197-[通过]:admin
operate-2022-12-07 20:40:26,538-[下载]:刻晴
operate-2022-12-07 20:41:56,094-[信封传输]:刻晴
operate-2022-12-07 20:47:39,109-[下载]:刻晴
operate-2022-12-07 20:47:42,504-[信封传输]:刻晴
operate-2022-12-07 20:52:03,569-[信封传输]:刻晴
operate-2022-12-07 20:54:03,525-[信封传输]:刻晴
operate-2022-12-07 21:10:44,791-[信封传输]:刻晴
operate-2022-12-07 21:14:05,454-[信封传输]:刻晴
operate-2022-12-07 21:15:52,834-[信封传输]:刻晴
operate-2022-12-07 21:16:37,053-[信封传输]:刻晴
operate-2022-12-07 21:23:36,129-[信封传输]:刻晴
operate-2022-12-07 21:24:58,810-[信封传输]:刻晴
operate-2022-12-07 21:27:42,237-[信封传输]:刻晴
operate-2022-12-07 21:35:36,592-[信封传输]:刻晴
operate-2022-12-07 21:35:57,830-[信封传输]:刻晴
operate-2022-12-07 21:37:33,788-[信封传输]:刻晴
operate-2022-12-07 21:51:57,869-[信封传输]:刻晴
operate-2022-12-07 21:53:41,431-[信封传输]:刻晴
operate-2022-12-07 21:54:08,537-[信封传输]:刻晴
operate-2022-12-07 21:54:23,915-[信封传输]:刻晴
operate-2022-12-08 19:21:53,608-[信封传输]:刻晴
operate-2022-12-08 19:22:50,130-[信封传输]:刻晴
operate-2022-12-08 19:24:54,408-[查询]:刻晴
operate-2022-12-08 19:25:09,528-[查询]:刻晴
operate-2022-12-08 19:25:42,099-[查询]:刻晴
operate-2022-12-08 19:25:46,647-[查询]:刻晴
operate-2022-12-08 19:26:25,041-[查询失败]:刻晴
operate-2022-12-08 19:26:28,012-[查询]:刻晴
operate-2022-12-08 20:02:49,961-[查询]:刻晴
operate-2022-12-08 20:22:16,071-[信封传输]:刻晴
operate-2022-12-08 20:38:53,500-[信封传输]:刻晴
operate-2022-12-08 20:39:08,918-[信封传输]:刻晴
operate-2022-12-08 20:39:38,890-[查询]:刻晴
operate-2022-12-08 20:41:40,547-[信封传输]:刻晴
operate-2022-12-08 20:53:38,599-[信封传输]:刻晴
operate-2022-12-08 21:21:33,509-[信封传输]:刻晴
operate-2022-12-08 21:33:31,162-[查询]:刻晴
operate-2022-12-08 21:38:25,641-[信封传输]:刻晴
operate-2022-12-08 22:18:13,572-[信封传输]:刻晴
operate-2022-12-08 22:26:49,442-[信封传输]:刻晴
operate-2022-12-09 15:29:43,135-[信封传输]:刻晴
operate-2022-12-09 15:30:59,358-[信封传输]:刻晴
operate-2022-12-09 15:31:53,704-[信封传输]:刻晴
operate-2022-12-09 15:32:37,357-[信封传输]:刻晴
operate-2022-12-09 15:36:09,546-[信封传输]:刻晴
operate-2022-12-09 15:36:26,044-[信封传输]:刻晴
operate-2022-12-10 17:49:47,079-[下载]:刻晴
operate-2022-12-10 17:51:21,177-[下载]:刻晴
operate-2022-12-10 17:51:25,966-[信封传输]:刻晴
operate-2022-12-10 17:51:47,487-[信封传输]:刻晴
operate-2022-12-10 17:52:06,380-[信封传输]:刻晴
operate-2022-12-10 17:52:19,493-[信封传输]:刻晴
operate-2022-12-10 17:53:26,528-[信封传输]:刻晴
