2022-10-19T23:11:24.922198+0800  |   [登陆]:甘雨
2022-10-19T23:11:26.966665+0800  |   [下线]:甘雨
2022-10-19T23:12:20.633638+0800  |   [登陆]:甘雨
2022-10-20T02:17:19.297064+0800  |   [登陆]:甘雨
2022-10-20T02:21:21.428361+0800  |   [登陆]:甘雨
2022-10-20T02:21:21.428361+0800  |   [登陆]:甘雨
2022-10-20T02:25:38.393016+0800  |   [登陆]:甘雨
2022-10-20T02:25:38.393016+0800  |   [登陆]:甘雨
2022-10-20T02:25:38.393016+0800  |   [登陆]:甘雨
2022-10-20T02:26:39.157760+0800  |   [登陆]:甘雨
2022-10-20T02:26:39.157760+0800  |   [登陆]:甘雨
2022-10-20T02:26:39.157760+0800  |   [登陆]:甘雨
2022-10-20T02:26:39.157760+0800  |   [登陆]:甘雨
2022-10-20T02:32:34.311915+0800  |   [下线]:甘雨
2022-10-20T02:32:34.311915+0800  |   [下线]:甘雨
2022-10-20T02:32:34.311915+0800  |   [下线]:甘雨
2022-10-20T02:32:34.311915+0800  |   [下线]:甘雨
2022-10-20T09:37:14.691832+0800  |   [登陆]:甘雨
2022-10-20T09:40:56.735318+0800  |   [登陆]:甘雨
2022-10-20T09:40:56.735318+0800  |   [登陆]:甘雨
2022-10-20T10:00:27.422714+0800  |   [登陆]:甘雨
2022-10-20 10:27:09.916 | INFO     | pureBack.controller_register:register_format:47 - [注册]:夜兰
2022-10-20 10:30:13.577 | INFO     | pureBack.controller_login:login_out:54 - [下线]:夜兰
2022-10-20 10:31:22.116 | INFO     | pureBack.controller_register:register_format:47 - [注册]:admin
2022-10-20 10:31:22.116 | INFO     | pureBack.controller_register:register_format:47 - [注册]:admin
2022-10-20 10:43:14.846 | INFO     | pureBack.controller_register:register_format:47 - [注册]:admin
2022-10-20 10:43:19.261 | INFO     | pureBack.controller_login:login_out:57 - [下线]:admin
2022-10-20T10:44:06.700237+0800  |   [登陆失败]
2022-10-20T10:44:45.183130+0800  |   [登陆失败]
2022-10-20T10:50:50.558819+0800  |   [登陆]:admin
2022-10-20T10:55:31.778390+0800  |   [登陆]:admin
2022-10-20T10:55:31.778390+0800  |   [登陆]:admin
2022-10-20T10:57:08.257166+0800  |   [下线]:
2022-10-20T10:57:08.257166+0800  |   [下线]:
2022-10-20T10:57:17.831869+0800  |   [登陆]:admin
2022-10-20T10:57:17.831869+0800  |   [登陆]:admin
2022-10-20T10:57:17.831869+0800  |   [登陆]:admin
2022-10-20T10:58:19.694121+0800  |   [下线]:admin
2022-10-20T10:58:19.694121+0800  |   [下线]:admin
2022-10-20T10:58:19.694121+0800  |   [下线]:admin
2022-10-20T10:58:30.506214+0800  |   [登陆]:admin
2022-10-20T10:58:30.506214+0800  |   [登陆]:admin
2022-10-20T10:58:30.506214+0800  |   [登陆]:admin
2022-10-20T10:58:30.506214+0800  |   [登陆]:admin
2022-10-20T10:58:50.143818+0800  |   [下线]:admin
2022-10-20T10:58:50.143818+0800  |   [下线]:admin
2022-10-20T10:58:50.143818+0800  |   [下线]:admin
2022-10-20T10:58:50.143818+0800  |   [下线]:admin
2022-10-20T10:59:00.812387+0800  |   [登陆]:admin
2022-10-20T10:59:00.812387+0800  |   [登陆]:admin
2022-10-20T10:59:00.812387+0800  |   [登陆]:admin
2022-10-20T10:59:00.812387+0800  |   [登陆]:admin
2022-10-20T10:59:00.812387+0800  |   [登陆]:admin
2022-10-20T11:03:29.348313+0800  |   [登陆]:admin
2022-10-20T11:03:29.348313+0800  |   [登陆]:admin
2022-10-20T11:03:29.348313+0800  |   [登陆]:admin
2022-10-20T11:03:29.348313+0800  |   [登陆]:admin
2022-10-20T11:03:29.348313+0800  |   [登陆]:admin
2022-10-20T11:03:29.348313+0800  |   [登陆]:admin
2022-10-20T11:04:23.265897+0800  |   [登陆]:admin
2022-10-20T11:04:23.265897+0800  |   [登陆]:admin
2022-10-20T11:04:23.265897+0800  |   [登陆]:admin
2022-10-20T11:04:23.265897+0800  |   [登陆]:admin
2022-10-20T11:04:23.265897+0800  |   [登陆]:admin
2022-10-20T11:04:23.265897+0800  |   [登陆]:admin
2022-10-20T11:04:23.265897+0800  |   [登陆]:admin
2022-10-20T11:11:21.341228+0800  |   [下线]:admin
2022-10-20T11:11:21.341228+0800  |   [下线]:admin
2022-10-20T11:11:21.341228+0800  |   [下线]:admin
2022-10-20T11:11:21.341228+0800  |   [下线]:admin
2022-10-20T11:11:21.341228+0800  |   [下线]:admin
2022-10-20T11:11:21.341228+0800  |   [下线]:admin
2022-10-20T11:11:21.341228+0800  |   [下线]:admin
2022-10-20T11:11:58.221555+0800  |   [注册]:刻晴
2022-10-20T11:11:58.221555+0800  |   [注册]:刻晴
2022-10-20T11:11:58.221555+0800  |   [注册]:刻晴
2022-10-20T11:11:58.221555+0800  |   [注册]:刻晴
2022-10-20T11:11:58.221555+0800  |   [注册]:刻晴
2022-10-20T11:11:58.221555+0800  |   [注册]:刻晴
2022-10-20T11:11:58.221555+0800  |   [注册]:刻晴
2022-10-20T11:11:58.221555+0800  |   [注册]:刻晴
2022-10-20T11:20:05.973852+0800  |   [注册]:甘雨
2022-10-20T11:20:05.973852+0800  |   [注册]:甘雨
2022-10-20T11:20:05.973852+0800  |   [注册]:甘雨
2022-10-20T11:20:05.973852+0800  |   [注册]:甘雨
2022-10-20T11:20:05.973852+0800  |   [注册]:甘雨
2022-10-20T11:20:05.973852+0800  |   [注册]:甘雨
2022-10-20T11:20:05.973852+0800  |   [注册]:甘雨
2022-10-20T11:20:05.973852+0800  |   [注册]:甘雨
2022-10-20T11:20:05.973852+0800  |   [注册]:甘雨
2022-10-20T11:20:16.901600+0800  |   [注册失败]:
2022-10-20T11:20:16.901600+0800  |   [注册失败]:
2022-10-20T11:20:16.901600+0800  |   [注册失败]:
2022-10-20T11:20:16.901600+0800  |   [注册失败]:
2022-10-20T11:20:16.901600+0800  |   [注册失败]:
2022-10-20T11:20:16.901600+0800  |   [注册失败]:
2022-10-20T11:20:16.901600+0800  |   [注册失败]:
2022-10-20T11:20:16.901600+0800  |   [注册失败]:
2022-10-20T11:20:16.901600+0800  |   [注册失败]:
2022-10-20T11:20:16.901600+0800  |   [注册失败]:
2022-10-20T11:22:18.248859+0800  |   [注册]:凝光
2022-10-20T11:22:18.248859+0800  |   [注册]:凝光
2022-10-20T11:22:18.248859+0800  |   [注册]:凝光
2022-10-20T11:22:18.248859+0800  |   [注册]:凝光
2022-10-20T11:22:18.248859+0800  |   [注册]:凝光
2022-10-20T11:22:18.248859+0800  |   [注册]:凝光
2022-10-20T11:22:18.248859+0800  |   [注册]:凝光
2022-10-20T11:22:18.248859+0800  |   [注册]:凝光
2022-10-20T11:22:18.248859+0800  |   [注册]:凝光
2022-10-20T11:22:18.248859+0800  |   [注册]:凝光
2022-10-20T11:22:18.248859+0800  |   [注册]:凝光
2022-10-20T11:23:38.618958+0800  |   [下线]:凝光
2022-10-20T11:23:38.618958+0800  |   [下线]:凝光
2022-10-20T11:23:38.618958+0800  |   [下线]:凝光
2022-10-20T11:23:38.618958+0800  |   [下线]:凝光
2022-10-20T11:23:38.618958+0800  |   [下线]:凝光
2022-10-20T11:23:38.618958+0800  |   [下线]:凝光
2022-10-20T11:23:38.618958+0800  |   [下线]:凝光
2022-10-20T11:23:38.618958+0800  |   [下线]:凝光
2022-10-20T11:23:38.618958+0800  |   [下线]:凝光
2022-10-20T11:23:38.618958+0800  |   [下线]:凝光
2022-10-20T11:23:38.618958+0800  |   [下线]:凝光
2022-10-20T11:25:30.917667+0800  |   [登陆]:甘雨
2022-10-20T11:25:30.917667+0800  |   [登陆]:甘雨
2022-10-20T11:25:30.917667+0800  |   [登陆]:甘雨
2022-10-20T11:25:30.917667+0800  |   [登陆]:甘雨
2022-10-20T11:25:30.917667+0800  |   [登陆]:甘雨
2022-10-20T11:25:30.917667+0800  |   [登陆]:甘雨
2022-10-20T11:25:30.917667+0800  |   [登陆]:甘雨
2022-10-20T11:25:30.917667+0800  |   [登陆]:甘雨
2022-10-20T11:25:30.917667+0800  |   [登陆]:甘雨
2022-10-20T11:25:30.917667+0800  |   [登陆]:甘雨
2022-10-20T11:25:30.917667+0800  |   [登陆]:甘雨
2022-10-20T11:25:30.917667+0800  |   [登陆]:甘雨
